2	ACT	0	0	1
50	RD	0	0	8
1002	ACT	1	0	2
1050	RD	1	0	11
2002	ACT	2	0	3
2050	RD	2	0	1A
3002	ACT	3	0	4
3050	RD	3	0	23
4002	ACT	0	1	5
4050	RD	0	1	2C
5002	ACT	1	1	6
5050	RD	1	1	35
6002	ACT	2	1	7
6050	RD	2	1	3E
7002	ACT	3	1	8
7050	RD	3	1	47
8002	ACT	0	2	9
8050	RD	0	2	48
9002	ACT	1	2	A
9050	RD	1	2	51
10002	ACT	2	2	B
10050	RD	2	2	5A
11002	ACT	3	2	C
11050	RD	3	2	63
12002	ACT	0	3	D
12050	RD	0	3	6C
13002	ACT	1	3	E
13050	RD	1	3	75
14002	ACT	2	3	F
14050	RD	2	3	7E
15002	ACT	3	3	10
15050	RD	3	3	87
16002	RD	0	0	80
17002	RD	1	0	78
18002	RD	2	0	70
19002	RD	3	0	68
20002	RD	0	1	60
21002	RD	1	1	58
22002	RD	2	1	50
23002	RD	3	1	48
24002	RD	0	2	40
25002	RD	1	2	38
26002	RD	2	2	30
27002	RD	3	2	28
28002	RD	0	3	20
29002	RD	1	3	18
30002	RD	2	3	10
31002	RD	3	3	8
32002	PRE	0	0
32050	ACT	0	0	0
32098	RD	0	0	80
33002	PRE	1	0
33050	ACT	1	0	1
33098	RD	1	0	78
34002	PRE	2	0
34050	ACT	2	0	2
34098	RD	2	0	70
35002	PRE	3	0
35050	ACT	3	0	3
35098	RD	3	0	68
36002	PRE	0	1
36050	ACT	0	1	4
36098	RD	0	1	60
37002	PRE	1	1
37050	ACT	1	1	5
37098	RD	1	1	58
38002	PRE	2	1
38050	ACT	2	1	6
38098	RD	2	1	50
39002	PRE	3	1
39050	ACT	3	1	7
39098	RD	3	1	48
40002	PRE	0	2
40050	ACT	0	2	8
40098	RD	0	2	40
41002	PRE	1	2
41050	ACT	1	2	9
41098	RD	1	2	38
42002	PRE	2	2
42050	ACT	2	2	A
42098	RD	2	2	30
43002	PRE	3	2
43050	ACT	3	2	B
43098	RD	3	2	28
44002	PRE	0	3
44050	ACT	0	3	C
44098	RD	0	3	20
45002	PRE	1	3
45050	ACT	1	3	D
45098	RD	1	3	18
46002	PRE	2	3
46050	ACT	2	3	E
46098	RD	2	3	10
47002	PRE	3	3
47050	ACT	3	3	F
47098	RD	3	3	8
